Started by user [8mha:////4Jz7Jd/zYro15VdU1kJsk+Rjc0h8S9kfizF8PzAyxtxgAAAAnR+LCAAAAAAAAP9b85aBtbiIQTGjNKU4P08vOT+vOD8nVc83PyU1x6OyILUoJzMv2y+/JJUBAhiZGBgqihhk0NSjKDWzXb3RdlLBUSYGJk8GtpzUvPSSDB8G5tKinBIGIZ+sxLJE/ZzEvHT94JKizLx0a6BxUmjGOUNodHsLgAzmEgZB/dLi1CL9lKKyzLz8ksy8knwAL0LADMYAAAA=[0masd
org.codehaus.groovy.control.MultipleCompilationErrorsException: startup failed:
WorkflowScript: 25: Unknown stage section "sh". Starting with version 0.5, steps in a stage must be in a â€˜stepsâ€™ block. @ line 25, column 9.
           stage('Test build'){
           ^

WorkflowScript: 25: Multiple occurrences of the sh section @ line 25, column 9.
           stage('Test build'){
           ^

WorkflowScript: 25: Unknown stage section "sh". Starting with version 0.5, steps in a stage must be in a â€˜stepsâ€™ block. @ line 25, column 9.
           stage('Test build'){
           ^

WorkflowScript: 25: Multiple occurrences of the sh section @ line 25, column 9.
           stage('Test build'){
           ^

WorkflowScript: 25: Unknown stage section "sh". Starting with version 0.5, steps in a stage must be in a â€˜stepsâ€™ block. @ line 25, column 9.
           stage('Test build'){
           ^

WorkflowScript: 25: Expected one of "steps", "stages", or "parallel" for stage "Test build" @ line 25, column 9.
           stage('Test build'){
           ^

6 errors

	at org.codehaus.groovy.control.ErrorCollector.failIfErrors(ErrorCollector.java:309)
	at org.codehaus.groovy.control.CompilationUnit.applyToPrimaryClassNodes(CompilationUnit.java:1107)
	at org.codehaus.groovy.control.CompilationUnit.doPhaseOperation(CompilationUnit.java:624)
	at org.codehaus.groovy.control.CompilationUnit.processPhaseOperations(CompilationUnit.java:602)
	at org.codehaus.groovy.control.CompilationUnit.compile(CompilationUnit.java:579)
	at groovy.lang.GroovyClassLoader.doParseClass(GroovyClassLoader.java:323)
	at groovy.lang.GroovyClassLoader.parseClass(GroovyClassLoader.java:293)
	at PluginClassLoader for script-security//org.jenkinsci.plugins.scriptsecurity.sandbox.groovy.GroovySandbox$Scope.parse(GroovySandbox.java:163)
	at PluginClassLoader for workflow-cps//org.jenkinsci.plugins.workflow.cps.CpsGroovyShell.doParse(CpsGroovyShell.java:190)
	at PluginClassLoader for workflow-cps//org.jenkinsci.plugins.workflow.cps.CpsGroovyShell.reparse(CpsGroovyShell.java:175)
	at PluginClassLoader for workflow-cps//org.jenkinsci.plugins.workflow.cps.CpsFlowExecution.parseScript(CpsFlowExecution.java:652)
	at PluginClassLoader for workflow-cps//org.jenkinsci.plugins.workflow.cps.CpsFlowExecution.start(CpsFlowExecution.java:598)
	at PluginClassLoader for workflow-job//org.jenkinsci.plugins.workflow.job.WorkflowRun.run(WorkflowRun.java:335)
	at hudson.model.ResourceController.execute(ResourceController.java:101)
	at hudson.model.Executor.run(Executor.java:445)
Finished: FAILURE
